# zsim stats
===
root: # Stats
 contention: # Contention simulation stats
  domain-0: # Domain stats
   time: 7511016740595 # Weave simulation time
 time: # Simulator time breakdown
  init: 659611432
  bound: 3060510012761
  weave: 7712745495243
  ff: 2077242
 trigger: 20000 # Reason for this stats dump
 phase: 9975254 # Simulated phases
 core: # Core stats
  core-0: # Core stats
   cycles: 9975254589 # Simulated unhalted cycles
   cCycles: 384740024 # Cycles due to contention stalls
   instrs: 14377223640 # Simulated instructions
   uops: 20682454071 # Retired micro-ops
   branchUops: 2832090911 # Retired branch micro-ops
   fpAddSubUops: 3105127 # Retired floating point add and sub micro-ops
   fpMulDivUops: 6000 # Retired floating point mul and div micro-ops
   bbls: 2832093902 # Basic blocks
   approxInstrs: 476398269 # Instrs with approx uop decoding
   mispredBranches: 20077244 # Mispredicted branches
   mispredInstrs: 94305877 # Instructions executed in wrong path
   mispredPenalty: 347204346 # Cycles delayed due to branch misprediction
   opExecuted: 0 # cycles with high (more than 3) number of operations executed
   loadStallsTotal: 8481967509 # stalls due to load
   storeStallsTotal: 5518106358 # stalls due to store
   spatialLocality: 0 # Spatial Locality times 10000
   temporalLocality: 0 # Temporal Locality times 10000
  core-1: # Core stats
   cycles: 0 # Simulated unhalted cycles
   cCycles: 0 # Cycles due to contention stalls
   instrs: 0 # Simulated instructions
   uops: 0 # Retired micro-ops
   branchUops: 0 # Retired branch micro-ops
   fpAddSubUops: 0 # Retired floating point add and sub micro-ops
   fpMulDivUops: 0 # Retired floating point mul and div micro-ops
   bbls: 0 # Basic blocks
   approxInstrs: 0 # Instrs with approx uop decoding
   mispredBranches: 0 # Mispredicted branches
   mispredInstrs: 0 # Instructions executed in wrong path
   mispredPenalty: 0 # Cycles delayed due to branch misprediction
   opExecuted: 0 # cycles with high (more than 3) number of operations executed
   loadStallsTotal: 0 # stalls due to load
   storeStallsTotal: 0 # stalls due to store
   spatialLocality: 0 # Spatial Locality times 10000
   temporalLocality: 0 # Temporal Locality times 10000
  core-2: # Core stats
   cycles: 0 # Simulated unhalted cycles
   cCycles: 0 # Cycles due to contention stalls
   instrs: 0 # Simulated instructions
   uops: 0 # Retired micro-ops
   branchUops: 0 # Retired branch micro-ops
   fpAddSubUops: 0 # Retired floating point add and sub micro-ops
   fpMulDivUops: 0 # Retired floating point mul and div micro-ops
   bbls: 0 # Basic blocks
   approxInstrs: 0 # Instrs with approx uop decoding
   mispredBranches: 0 # Mispredicted branches
   mispredInstrs: 0 # Instructions executed in wrong path
   mispredPenalty: 0 # Cycles delayed due to branch misprediction
   opExecuted: 0 # cycles with high (more than 3) number of operations executed
   loadStallsTotal: 0 # stalls due to load
   storeStallsTotal: 0 # stalls due to store
   spatialLocality: 0 # Spatial Locality times 10000
   temporalLocality: 0 # Temporal Locality times 10000
  core-3: # Core stats
   cycles: 0 # Simulated unhalted cycles
   cCycles: 0 # Cycles due to contention stalls
   instrs: 0 # Simulated instructions
   uops: 0 # Retired micro-ops
   branchUops: 0 # Retired branch micro-ops
   fpAddSubUops: 0 # Retired floating point add and sub micro-ops
   fpMulDivUops: 0 # Retired floating point mul and div micro-ops
   bbls: 0 # Basic blocks
   approxInstrs: 0 # Instrs with approx uop decoding
   mispredBranches: 0 # Mispredicted branches
   mispredInstrs: 0 # Instructions executed in wrong path
   mispredPenalty: 0 # Cycles delayed due to branch misprediction
   opExecuted: 0 # cycles with high (more than 3) number of operations executed
   loadStallsTotal: 0 # stalls due to load
   storeStallsTotal: 0 # stalls due to store
   spatialLocality: 0 # Spatial Locality times 10000
   temporalLocality: 0 # Temporal Locality times 10000
 l1d: # Cache stats
  l1d-0: # Filter cache stats
   fhGETS: 4510379345 # Filtered GETS hits
   fhGETX: 3677082372 # Filtered GETX hits
   hGETS: 126255127 # GETS hits
   hGETX: 68726525 # GETX hits
   mGETS: 21447807 # GETS misses
   mGETXIM: 667614 # GETX I->M misses
   mGETXSM: 0 # GETX S->M misses (upgrade misses)
   PUTS: 0 # Clean evictions (from lower level)
   PUTX: 0 # Dirty evictions (from lower level)
   INV: 0 # Invalidates (from upper level)
   INVX: 0 # Downgrades (from upper level)
   FWD: 0 # Forwards (from upper level)
   latGETnl: 284482990 # GET request latency on next level
   latGETnet: 0 # GET request latency on network to next level
   sharedRequests: 0 # Shared Requests
  l1d-1: # Filter cache stats
   fhGETS: 0 # Filtered GETS hits
   fhGETX: 0 # Filtered GETX hits
   hGETS: 0 # GETS hits
   hGETX: 0 # GETX hits
   mGETS: 0 # GETS misses
   mGETXIM: 0 # GETX I->M misses
   mGETXSM: 0 # GETX S->M misses (upgrade misses)
   PUTS: 0 # Clean evictions (from lower level)
   PUTX: 0 # Dirty evictions (from lower level)
   INV: 0 # Invalidates (from upper level)
   INVX: 0 # Downgrades (from upper level)
   FWD: 0 # Forwards (from upper level)
   latGETnl: 0 # GET request latency on next level
   latGETnet: 0 # GET request latency on network to next level
   sharedRequests: 0 # Shared Requests
  l1d-2: # Filter cache stats
   fhGETS: 0 # Filtered GETS hits
   fhGETX: 0 # Filtered GETX hits
   hGETS: 0 # GETS hits
   hGETX: 0 # GETX hits
   mGETS: 0 # GETS misses
   mGETXIM: 0 # GETX I->M misses
   mGETXSM: 0 # GETX S->M misses (upgrade misses)
   PUTS: 0 # Clean evictions (from lower level)
   PUTX: 0 # Dirty evictions (from lower level)
   INV: 0 # Invalidates (from upper level)
   INVX: 0 # Downgrades (from upper level)
   FWD: 0 # Forwards (from upper level)
   latGETnl: 0 # GET request latency on next level
   latGETnet: 0 # GET request latency on network to next level
   sharedRequests: 0 # Shared Requests
  l1d-3: # Filter cache stats
   fhGETS: 0 # Filtered GETS hits
   fhGETX: 0 # Filtered GETX hits
   hGETS: 0 # GETS hits
   hGETX: 0 # GETX hits
   mGETS: 0 # GETS misses
   mGETXIM: 0 # GETX I->M misses
   mGETXSM: 0 # GETX S->M misses (upgrade misses)
   PUTS: 0 # Clean evictions (from lower level)
   PUTX: 0 # Dirty evictions (from lower level)
   INV: 0 # Invalidates (from upper level)
   INVX: 0 # Downgrades (from upper level)
   FWD: 0 # Forwards (from upper level)
   latGETnl: 0 # GET request latency on next level
   latGETnet: 0 # GET request latency on network to next level
   sharedRequests: 0 # Shared Requests
 l1i: # Cache stats
  l1i-0: # Filter cache stats
   fhGETS: 2129421986 # Filtered GETS hits
   fhGETX: 0 # Filtered GETX hits
   hGETS: 810610195 # GETS hits
   hGETX: 0 # GETX hits
   mGETS: 5057601 # GETS misses
   mGETXIM: 0 # GETX I->M misses
   mGETXSM: 0 # GETX S->M misses (upgrade misses)
   PUTS: 0 # Clean evictions (from lower level)
   PUTX: 0 # Dirty evictions (from lower level)
   INV: 0 # Invalidates (from upper level)
   INVX: 0 # Downgrades (from upper level)
   FWD: 0 # Forwards (from upper level)
   latGETnl: 35505688 # GET request latency on next level
   latGETnet: 0 # GET request latency on network to next level
   sharedRequests: 810610195 # Shared Requests
  l1i-1: # Filter cache stats
   fhGETS: 0 # Filtered GETS hits
   fhGETX: 0 # Filtered GETX hits
   hGETS: 0 # GETS hits
   hGETX: 0 # GETX hits
   mGETS: 0 # GETS misses
   mGETXIM: 0 # GETX I->M misses
   mGETXSM: 0 # GETX S->M misses (upgrade misses)
   PUTS: 0 # Clean evictions (from lower level)
   PUTX: 0 # Dirty evictions (from lower level)
   INV: 0 # Invalidates (from upper level)
   INVX: 0 # Downgrades (from upper level)
   FWD: 0 # Forwards (from upper level)
   latGETnl: 0 # GET request latency on next level
   latGETnet: 0 # GET request latency on network to next level
   sharedRequests: 0 # Shared Requests
  l1i-2: # Filter cache stats
   fhGETS: 0 # Filtered GETS hits
   fhGETX: 0 # Filtered GETX hits
   hGETS: 0 # GETS hits
   hGETX: 0 # GETX hits
   mGETS: 0 # GETS misses
   mGETXIM: 0 # GETX I->M misses
   mGETXSM: 0 # GETX S->M misses (upgrade misses)
   PUTS: 0 # Clean evictions (from lower level)
   PUTX: 0 # Dirty evictions (from lower level)
   INV: 0 # Invalidates (from upper level)
   INVX: 0 # Downgrades (from upper level)
   FWD: 0 # Forwards (from upper level)
   latGETnl: 0 # GET request latency on next level
   latGETnet: 0 # GET request latency on network to next level
   sharedRequests: 0 # Shared Requests
  l1i-3: # Filter cache stats
   fhGETS: 0 # Filtered GETS hits
   fhGETX: 0 # Filtered GETX hits
   hGETS: 0 # GETS hits
   hGETX: 0 # GETX hits
   mGETS: 0 # GETS misses
   mGETXIM: 0 # GETX I->M misses
   mGETXSM: 0 # GETX S->M misses (upgrade misses)
   PUTS: 0 # Clean evictions (from lower level)
   PUTX: 0 # Dirty evictions (from lower level)
   INV: 0 # Invalidates (from upper level)
   INVX: 0 # Downgrades (from upper level)
   FWD: 0 # Forwards (from upper level)
   latGETnl: 0 # GET request latency on next level
   latGETnet: 0 # GET request latency on network to next level
   sharedRequests: 0 # Shared Requests
 l2: # Cache stats
  l2-0: # Cache stats
   hGETS: 22474680 # GETS hits
   hGETX: 62552 # GETX hits
   mGETS: 4030728 # GETS misses
   mGETXIM: 605062 # GETX I->M misses
   mGETXSM: 0 # GETX S->M misses (upgrade misses)
   PUTS: 26464446 # Clean evictions (from lower level)
   PUTX: 707552 # Dirty evictions (from lower level)
   INV: 0 # Invalidates (from upper level)
   INVX: 0 # Downgrades (from upper level)
   FWD: 0 # Forwards (from upper level)
   latGETnl: 129777524 # GET request latency on next level
   latGETnet: 0 # GET request latency on network to next level
   sharedRequests: 10111009 # Shared Requests
  l2-1: # Cache stats
   hGETS: 0 # GETS hits
   hGETX: 0 # GETX hits
   mGETS: 0 # GETS misses
   mGETXIM: 0 # GETX I->M misses
   mGETXSM: 0 # GETX S->M misses (upgrade misses)
   PUTS: 0 # Clean evictions (from lower level)
   PUTX: 0 # Dirty evictions (from lower level)
   INV: 0 # Invalidates (from upper level)
   INVX: 0 # Downgrades (from upper level)
   FWD: 0 # Forwards (from upper level)
   latGETnl: 0 # GET request latency on next level
   latGETnet: 0 # GET request latency on network to next level
   sharedRequests: 0 # Shared Requests
  l2-2: # Cache stats
   hGETS: 0 # GETS hits
   hGETX: 0 # GETX hits
   mGETS: 0 # GETS misses
   mGETXIM: 0 # GETX I->M misses
   mGETXSM: 0 # GETX S->M misses (upgrade misses)
   PUTS: 0 # Clean evictions (from lower level)
   PUTX: 0 # Dirty evictions (from lower level)
   INV: 0 # Invalidates (from upper level)
   INVX: 0 # Downgrades (from upper level)
   FWD: 0 # Forwards (from upper level)
   latGETnl: 0 # GET request latency on next level
   latGETnet: 0 # GET request latency on network to next level
   sharedRequests: 0 # Shared Requests
  l2-3: # Cache stats
   hGETS: 0 # GETS hits
   hGETX: 0 # GETX hits
   mGETS: 0 # GETS misses
   mGETXIM: 0 # GETX I->M misses
   mGETXSM: 0 # GETX S->M misses (upgrade misses)
   PUTS: 0 # Clean evictions (from lower level)
   PUTX: 0 # Dirty evictions (from lower level)
   INV: 0 # Invalidates (from upper level)
   INVX: 0 # Downgrades (from upper level)
   FWD: 0 # Forwards (from upper level)
   latGETnl: 0 # GET request latency on next level
   latGETnet: 0 # GET request latency on network to next level
   sharedRequests: 0 # Shared Requests
 l3: # Cache stats
  l3-0b0: # Timing cache stats
   hGETS: 1492 # GETS hits
   hGETX: 22 # GETX hits
   mGETS: 250385 # GETS misses
   mGETXIM: 37794 # GETX I->M misses
   mGETXSM: 0 # GETX S->M misses (upgrade misses)
   PUTS: 250513 # Clean evictions (from lower level)
   PUTX: 38144 # Dirty evictions (from lower level)
   INV: 0 # Invalidates (from upper level)
   INVX: 0 # Downgrades (from upper level)
   FWD: 0 # Forwards (from upper level)
   latGETnl: 288179 # GET request latency on next level
   latGETnet: 0 # GET request latency on network to next level
   sharedRequests: 232 # Shared Requests
   occHist: # Occupancy MSHR cycle histogram
    0: 9941876144
    1: 33365780
    2: 12076
    3: 0
    4: 0
    5: 0
    6: 0
    7: 0
    8: 0
    9: 0
    10: 0
    11: 0
    12: 0
    13: 0
    14: 0
    15: 0
    16: 0
   latHit: 192604 # Cumulative latency accesses that hit (demand and non-demand)
   latMissResp: 33317159 # Cumulative latency for miss start to response
   latMiss: 33389932 # Cumulative latency for miss start to finish (free MSHR)
  l3-0b1: # Timing cache stats
   hGETS: 1486 # GETS hits
   hGETX: 15 # GETX hits
   mGETS: 250362 # GETS misses
   mGETXIM: 37793 # GETX I->M misses
   mGETXSM: 0 # GETX S->M misses (upgrade misses)
   PUTS: 250470 # Clean evictions (from lower level)
   PUTX: 38158 # Dirty evictions (from lower level)
   INV: 0 # Invalidates (from upper level)
   INVX: 0 # Downgrades (from upper level)
   FWD: 0 # Forwards (from upper level)
   latGETnl: 288155 # GET request latency on next level
   latGETnet: 0 # GET request latency on network to next level
   sharedRequests: 221 # Shared Requests
   occHist: # Occupancy MSHR cycle histogram
    0: 9941898310
    1: 33333564
    2: 22126
    3: 0
    4: 0
    5: 0
    6: 0
    7: 0
    8: 0
    9: 0
    10: 0
    11: 0
    12: 0
    13: 0
    14: 0
    15: 0
    16: 0
   latHit: 192500 # Cumulative latency accesses that hit (demand and non-demand)
   latMissResp: 33305520 # Cumulative latency for miss start to response
   latMiss: 33377816 # Cumulative latency for miss start to finish (free MSHR)
  l3-0b2: # Timing cache stats
   hGETS: 1511 # GETS hits
   hGETX: 21 # GETX hits
   mGETS: 250429 # GETS misses
   mGETXIM: 37795 # GETX I->M misses
   mGETXSM: 0 # GETX S->M misses (upgrade misses)
   PUTS: 250531 # Clean evictions (from lower level)
   PUTX: 38197 # Dirty evictions (from lower level)
   INV: 0 # Invalidates (from upper level)
   INVX: 0 # Downgrades (from upper level)
   FWD: 0 # Forwards (from upper level)
   latGETnl: 288224 # GET request latency on next level
   latGETnet: 0 # GET request latency on network to next level
   sharedRequests: 268 # Shared Requests
   occHist: # Occupancy MSHR cycle histogram
    0: 9941710454
    1: 33539407
    2: 4139
    3: 0
    4: 0
    5: 0
    6: 0
    7: 0
    8: 0
    9: 0
    10: 0
    11: 0
    12: 0
    13: 0
    14: 0
    15: 0
    16: 0
   latHit: 192634 # Cumulative latency accesses that hit (demand and non-demand)
   latMissResp: 33473481 # Cumulative latency for miss start to response
   latMiss: 33547685 # Cumulative latency for miss start to finish (free MSHR)
  l3-0b3: # Timing cache stats
   hGETS: 1544 # GETS hits
   hGETX: 18 # GETX hits
   mGETS: 250450 # GETS misses
   mGETXIM: 37804 # GETX I->M misses
   mGETXSM: 0 # GETX S->M misses (upgrade misses)
   PUTS: 250620 # Clean evictions (from lower level)
   PUTX: 38174 # Dirty evictions (from lower level)
   INV: 0 # Invalidates (from upper level)
   INVX: 0 # Downgrades (from upper level)
   FWD: 0 # Forwards (from upper level)
   latGETnl: 288254 # GET request latency on next level
   latGETnet: 0 # GET request latency on network to next level
   sharedRequests: 194 # Shared Requests
   occHist: # Occupancy MSHR cycle histogram
    0: 9941679818
    1: 33571993
    2: 2189
    3: 0
    4: 0
    5: 0
    6: 0
    7: 0
    8: 0
    9: 0
    10: 0
    11: 0
    12: 0
    13: 0
    14: 0
    15: 0
    16: 0
   latHit: 192646 # Cumulative latency accesses that hit (demand and non-demand)
   latMissResp: 33503318 # Cumulative latency for miss start to response
   latMiss: 33576371 # Cumulative latency for miss start to finish (free MSHR)
  l3-0b4: # Timing cache stats
   hGETS: 1458 # GETS hits
   hGETX: 21 # GETX hits
   mGETS: 250345 # GETS misses
   mGETXIM: 37774 # GETX I->M misses
   mGETXSM: 0 # GETX S->M misses (upgrade misses)
   PUTS: 250454 # Clean evictions (from lower level)
   PUTX: 38129 # Dirty evictions (from lower level)
   INV: 0 # Invalidates (from upper level)
   INVX: 0 # Downgrades (from upper level)
   FWD: 0 # Forwards (from upper level)
   latGETnl: 288119 # GET request latency on next level
   latGETnet: 0 # GET request latency on network to next level
   sharedRequests: 190 # Shared Requests
   occHist: # Occupancy MSHR cycle histogram
    0: 9941805787
    1: 33440104
    2: 8109
    3: 0
    4: 0
    5: 0
    6: 0
    7: 0
    8: 0
    9: 0
    10: 0
    11: 0
    12: 0
    13: 0
    14: 0
    15: 0
    16: 0
   latHit: 192601 # Cumulative latency accesses that hit (demand and non-demand)
   latMissResp: 33300676 # Cumulative latency for miss start to response
   latMiss: 33456322 # Cumulative latency for miss start to finish (free MSHR)
  l3-0b5: # Timing cache stats
   hGETS: 1524 # GETS hits
   hGETX: 24 # GETX hits
   mGETS: 250454 # GETS misses
   mGETXIM: 37784 # GETX I->M misses
   mGETXSM: 0 # GETX S->M misses (upgrade misses)
   PUTS: 250613 # Clean evictions (from lower level)
   PUTX: 38153 # Dirty evictions (from lower level)
   INV: 0 # Invalidates (from upper level)
   INVX: 0 # Downgrades (from upper level)
   FWD: 0 # Forwards (from upper level)
   latGETnl: 288238 # GET request latency on next level
   latGETnet: 0 # GET request latency on network to next level
   sharedRequests: 256 # Shared Requests
   occHist: # Occupancy MSHR cycle histogram
    0: 9941752044
    1: 33495702
    2: 6254
    3: 0
    4: 0
    5: 0
    6: 0
    7: 0
    8: 0
    9: 0
    10: 0
    11: 0
    12: 0
    13: 0
    14: 0
    15: 0
    16: 0
   latHit: 192744 # Cumulative latency accesses that hit (demand and non-demand)
   latMissResp: 33338437 # Cumulative latency for miss start to response
   latMiss: 33508210 # Cumulative latency for miss start to finish (free MSHR)
  l3-0b6: # Timing cache stats
   hGETS: 1537 # GETS hits
   hGETX: 25 # GETX hits
   mGETS: 250401 # GETS misses
   mGETXIM: 37806 # GETX I->M misses
   mGETXSM: 0 # GETX S->M misses (upgrade misses)
   PUTS: 250597 # Clean evictions (from lower level)
   PUTX: 38139 # Dirty evictions (from lower level)
   INV: 0 # Invalidates (from upper level)
   INVX: 0 # Downgrades (from upper level)
   FWD: 0 # Forwards (from upper level)
   latGETnl: 288207 # GET request latency on next level
   latGETnet: 0 # GET request latency on network to next level
   sharedRequests: 244 # Shared Requests
   occHist: # Occupancy MSHR cycle histogram
    0: 9941669381
    1: 33579505
    2: 5114
    3: 0
    4: 0
    5: 0
    6: 0
    7: 0
    8: 0
    9: 0
    10: 0
    11: 0
    12: 0
    13: 0
    14: 0
    15: 0
    16: 0
   latHit: 192681 # Cumulative latency accesses that hit (demand and non-demand)
   latMissResp: 33481669 # Cumulative latency for miss start to response
   latMiss: 33589733 # Cumulative latency for miss start to finish (free MSHR)
  l3-0b7: # Timing cache stats
   hGETS: 1536 # GETS hits
   hGETX: 19 # GETX hits
   mGETS: 250416 # GETS misses
   mGETXIM: 37806 # GETX I->M misses
   mGETXSM: 0 # GETX S->M misses (upgrade misses)
   PUTS: 250606 # Clean evictions (from lower level)
   PUTX: 38143 # Dirty evictions (from lower level)
   INV: 0 # Invalidates (from upper level)
   INVX: 0 # Downgrades (from upper level)
   FWD: 0 # Forwards (from upper level)
   latGETnl: 288222 # GET request latency on next level
   latGETnet: 0 # GET request latency on network to next level
   sharedRequests: 221 # Shared Requests
   occHist: # Occupancy MSHR cycle histogram
    0: 9941622743
    1: 33622797
    2: 8460
    3: 0
    4: 0
    5: 0
    6: 0
    7: 0
    8: 0
    9: 0
    10: 0
    11: 0
    12: 0
    13: 0
    14: 0
    15: 0
    16: 0
   latHit: 192698 # Cumulative latency accesses that hit (demand and non-demand)
   latMissResp: 33499055 # Cumulative latency for miss start to response
   latMiss: 33639717 # Cumulative latency for miss start to finish (free MSHR)
  l3-0b8: # Timing cache stats
   hGETS: 1509 # GETS hits
   hGETX: 19 # GETX hits
   mGETS: 250424 # GETS misses
   mGETXIM: 37808 # GETX I->M misses
   mGETXSM: 0 # GETX S->M misses (upgrade misses)
   PUTS: 250598 # Clean evictions (from lower level)
   PUTX: 38142 # Dirty evictions (from lower level)
   INV: 0 # Invalidates (from upper level)
   INVX: 0 # Downgrades (from upper level)
   FWD: 0 # Forwards (from upper level)
   latGETnl: 288232 # GET request latency on next level
   latGETnet: 0 # GET request latency on network to next level
   sharedRequests: 202 # Shared Requests
   occHist: # Occupancy MSHR cycle histogram
    0: 9941825098
    1: 33418478
    2: 10424
    3: 0
    4: 0
    5: 0
    6: 0
    7: 0
    8: 0
    9: 0
    10: 0
    11: 0
    12: 0
    13: 0
    14: 0
    15: 0
    16: 0
   latHit: 192784 # Cumulative latency accesses that hit (demand and non-demand)
   latMissResp: 33326542 # Cumulative latency for miss start to response
   latMiss: 33439326 # Cumulative latency for miss start to finish (free MSHR)
  l3-0b9: # Timing cache stats
   hGETS: 1521 # GETS hits
   hGETX: 24 # GETX hits
   mGETS: 250412 # GETS misses
   mGETXIM: 37805 # GETX I->M misses
   mGETXSM: 0 # GETX S->M misses (upgrade misses)
   PUTS: 250577 # Clean evictions (from lower level)
   PUTX: 38164 # Dirty evictions (from lower level)
   INV: 0 # Invalidates (from upper level)
   INVX: 0 # Downgrades (from upper level)
   FWD: 0 # Forwards (from upper level)
   latGETnl: 288217 # GET request latency on next level
   latGETnet: 0 # GET request latency on network to next level
   sharedRequests: 193 # Shared Requests
   occHist: # Occupancy MSHR cycle histogram
    0: 9941820350
    1: 33418560
    2: 15075
    3: 15
    4: 0
    5: 0
    6: 0
    7: 0
    8: 0
    9: 0
    10: 0
    11: 0
    12: 0
    13: 0
    14: 0
    15: 0
    16: 0
   latHit: 192763 # Cumulative latency accesses that hit (demand and non-demand)
   latMissResp: 33337217 # Cumulative latency for miss start to response
   latMiss: 33448683 # Cumulative latency for miss start to finish (free MSHR)
  l3-0b10: # Timing cache stats
   hGETS: 1488 # GETS hits
   hGETX: 18 # GETX hits
   mGETS: 250419 # GETS misses
   mGETXIM: 37794 # GETX I->M misses
   mGETXSM: 0 # GETX S->M misses (upgrade misses)
   PUTS: 250552 # Clean evictions (from lower level)
   PUTX: 38153 # Dirty evictions (from lower level)
   INV: 0 # Invalidates (from upper level)
   INVX: 0 # Downgrades (from upper level)
   FWD: 0 # Forwards (from upper level)
   latGETnl: 288213 # GET request latency on next level
   latGETnet: 0 # GET request latency on network to next level
   sharedRequests: 184 # Shared Requests
   occHist: # Occupancy MSHR cycle histogram
    0: 9941676826
    1: 33567430
    2: 9744
    3: 0
    4: 0
    5: 0
    6: 0
    7: 0
    8: 0
    9: 0
    10: 0
    11: 0
    12: 0
    13: 0
    14: 0
    15: 0
    16: 0
   latHit: 192740 # Cumulative latency accesses that hit (demand and non-demand)
   latMissResp: 33459115 # Cumulative latency for miss start to response
   latMiss: 33586846 # Cumulative latency for miss start to finish (free MSHR)
  l3-0b11: # Timing cache stats
   hGETS: 1532 # GETS hits
   hGETX: 20 # GETX hits
   mGETS: 250396 # GETS misses
   mGETXIM: 37787 # GETX I->M misses
   mGETXSM: 0 # GETX S->M misses (upgrade misses)
   PUTS: 250572 # Clean evictions (from lower level)
   PUTX: 38145 # Dirty evictions (from lower level)
   INV: 0 # Invalidates (from upper level)
   INVX: 0 # Downgrades (from upper level)
   FWD: 0 # Forwards (from upper level)
   latGETnl: 288183 # GET request latency on next level
   latGETnet: 0 # GET request latency on network to next level
   sharedRequests: 198 # Shared Requests
   occHist: # Occupancy MSHR cycle histogram
    0: 9941641401
    1: 33609892
    2: 2629
    3: 78
    4: 0
    5: 0
    6: 0
    7: 0
    8: 0
    9: 0
    10: 0
    11: 0
    12: 0
    13: 0
    14: 0
    15: 0
    16: 0
   latHit: 192664 # Cumulative latency accesses that hit (demand and non-demand)
   latMissResp: 33491445 # Cumulative latency for miss start to response
   latMiss: 33615384 # Cumulative latency for miss start to finish (free MSHR)
  l3-0b12: # Timing cache stats
   hGETS: 1559 # GETS hits
   hGETX: 18 # GETX hits
   mGETS: 250367 # GETS misses
   mGETXIM: 37793 # GETX I->M misses
   mGETXSM: 0 # GETX S->M misses (upgrade misses)
   PUTS: 250586 # Clean evictions (from lower level)
   PUTX: 38126 # Dirty evictions (from lower level)
   INV: 0 # Invalidates (from upper level)
   INVX: 0 # Downgrades (from upper level)
   FWD: 0 # Forwards (from upper level)
   latGETnl: 288160 # GET request latency on next level
   latGETnet: 0 # GET request latency on network to next level
   sharedRequests: 176 # Shared Requests
   occHist: # Occupancy MSHR cycle histogram
    0: 9941868364
    1: 33372990
    2: 12646
    3: 0
    4: 0
    5: 0
    6: 0
    7: 0
    8: 0
    9: 0
    10: 0
    11: 0
    12: 0
    13: 0
    14: 0
    15: 0
    16: 0
   latHit: 192644 # Cumulative latency accesses that hit (demand and non-demand)
   latMissResp: 33319302 # Cumulative latency for miss start to response
   latMiss: 33398282 # Cumulative latency for miss start to finish (free MSHR)
  l3-0b13: # Timing cache stats
   hGETS: 1522 # GETS hits
   hGETX: 19 # GETX hits
   mGETS: 250409 # GETS misses
   mGETXIM: 37792 # GETX I->M misses
   mGETXSM: 0 # GETX S->M misses (upgrade misses)
   PUTS: 250590 # Clean evictions (from lower level)
   PUTX: 38137 # Dirty evictions (from lower level)
   INV: 0 # Invalidates (from upper level)
   INVX: 0 # Downgrades (from upper level)
   FWD: 0 # Forwards (from upper level)
   latGETnl: 288201 # GET request latency on next level
   latGETnet: 0 # GET request latency on network to next level
   sharedRequests: 215 # Shared Requests
   occHist: # Occupancy MSHR cycle histogram
    0: 9941847691
    1: 33400294
    2: 5971
    3: 44
    4: 0
    5: 0
    6: 0
    7: 0
    8: 0
    9: 0
    10: 0
    11: 0
    12: 0
    13: 0
    14: 0
    15: 0
    16: 0
   latHit: 192692 # Cumulative latency accesses that hit (demand and non-demand)
   latMissResp: 33330322 # Cumulative latency for miss start to response
   latMiss: 33412368 # Cumulative latency for miss start to finish (free MSHR)
  l3-0b14: # Timing cache stats
   hGETS: 1518 # GETS hits
   hGETX: 22 # GETX hits
   mGETS: 250364 # GETS misses
   mGETXIM: 37810 # GETX I->M misses
   mGETXSM: 0 # GETX S->M misses (upgrade misses)
   PUTS: 250553 # Clean evictions (from lower level)
   PUTX: 38132 # Dirty evictions (from lower level)
   INV: 0 # Invalidates (from upper level)
   INVX: 0 # Downgrades (from upper level)
   FWD: 0 # Forwards (from upper level)
   latGETnl: 288174 # GET request latency on next level
   latGETnet: 0 # GET request latency on network to next level
   sharedRequests: 222 # Shared Requests
   occHist: # Occupancy MSHR cycle histogram
    0: 9941694753
    1: 33550646
    2: 8601
    3: 0
    4: 0
    5: 0
    6: 0
    7: 0
    8: 0
    9: 0
    10: 0
    11: 0
    12: 0
    13: 0
    14: 0
    15: 0
    16: 0
   latHit: 192648 # Cumulative latency accesses that hit (demand and non-demand)
   latMissResp: 33496464 # Cumulative latency for miss start to response
   latMiss: 33567848 # Cumulative latency for miss start to finish (free MSHR)
  l3-0b15: # Timing cache stats
   hGETS: 1537 # GETS hits
   hGETX: 17 # GETX hits
   mGETS: 250421 # GETS misses
   mGETXIM: 37795 # GETX I->M misses
   mGETXSM: 0 # GETX S->M misses (upgrade misses)
   PUTS: 250620 # Clean evictions (from lower level)
   PUTX: 38118 # Dirty evictions (from lower level)
   INV: 0 # Invalidates (from upper level)
   INVX: 0 # Downgrades (from upper level)
   FWD: 0 # Forwards (from upper level)
   latGETnl: 288216 # GET request latency on next level
   latGETnet: 0 # GET request latency on network to next level
   sharedRequests: 221 # Shared Requests
   occHist: # Occupancy MSHR cycle histogram
    0: 9941659860
    1: 33586572
    2: 7568
    3: 0
    4: 0
    5: 0
    6: 0
    7: 0
    8: 0
    9: 0
    10: 0
    11: 0
    12: 0
    13: 0
    14: 0
    15: 0
    16: 0
   latHit: 192690 # Cumulative latency accesses that hit (demand and non-demand)
   latMissResp: 33525337 # Cumulative latency for miss start to response
   latMiss: 33601708 # Cumulative latency for miss start to finish (free MSHR)
 mem: # Memory controller stats
  mem-0: # Memory controller stats
   rd: 4611177 # Read requests
   wr: 604910 # Write requests
   rdlat: 410003263 # Total latency experienced by read requests
   wrlat: 46755936 # Total latency experienced by write requests
   reissuedAccesses: 0 # Number of accesses that were reissued due to full queue
 sched: # Scheduler stats
  thCr: 1 # Threads created
  thFn: 1 # Threads finished
  schedEvs: 1 # Schedule events
  waitEvs: 0 # Wait events
  handoffEvs: 0 # Handoff events
  sleepEvs: 0 # Sleep events
  idlePhases: 0 # Phases with no thread active
  idlePeriods: 0 # Periods with no thread active
  occHist: # Occupancy histogram
   0: 0
   1: 9975254
   2: 0
   3: 0
   4: 0
  rqSzHist: # Run queue size histogram
   0: 9975254
   1: 0
   2: 0
   3: 0
   4: 0
   5: 0
   6: 0
   7: 0
   8: 0
   9: 0
   10: 0
   11: 0
   12: 0
   13: 0
   14: 0
   15: 0
   16: 0
 procCycles: # Per-process unhalted core cycles
  0: 9975254589
  1: 0
  2: 0
  3: 0
  4: 0
  5: 0
  6: 0
  7: 0
  8: 0
  9: 0
  10: 0
  11: 0
  12: 0
  13: 0
  14: 0
  15: 0
  16: 0
  17: 0
  18: 0
  19: 0
  20: 0
  21: 0
  22: 0
  23: 0
  24: 0
  25: 0
  26: 0
  27: 0
  28: 0
  29: 0
  30: 0
  31: 0
  32: 0
  33: 0
  34: 0
  35: 0
  36: 0
  37: 0
  38: 0
  39: 0
  40: 0
  41: 0
  42: 0
  43: 0
  44: 0
  45: 0
  46: 0
  47: 0
  48: 0
  49: 0
  50: 0
  51: 0
  52: 0
  53: 0
  54: 0
  55: 0
  56: 0
  57: 0
  58: 0
  59: 0
  60: 0
  61: 0
  62: 0
  63: 0
 procInstrs: # Per-process instructions
  0: 14377223640
  1: 0
  2: 0
  3: 0
  4: 0
  5: 0
  6: 0
  7: 0
  8: 0
  9: 0
  10: 0
  11: 0
  12: 0
  13: 0
  14: 0
  15: 0
  16: 0
  17: 0
  18: 0
  19: 0
  20: 0
  21: 0
  22: 0
  23: 0
  24: 0
  25: 0
  26: 0
  27: 0
  28: 0
  29: 0
  30: 0
  31: 0
  32: 0
  33: 0
  34: 0
  35: 0
  36: 0
  37: 0
  38: 0
  39: 0
  40: 0
  41: 0
  42: 0
  43: 0
  44: 0
  45: 0
  46: 0
  47: 0
  48: 0
  49: 0
  50: 0
  51: 0
  52: 0
  53: 0
  54: 0
  55: 0
  56: 0
  57: 0
  58: 0
  59: 0
  60: 0
  61: 0
  62: 0
  63: 0
 heartbeats: # Per-process heartbeats
  0: 0
  1: 0
  2: 0
  3: 0
  4: 0
  5: 0
  6: 0
  7: 0
  8: 0
  9: 0
  10: 0
  11: 0
  12: 0
  13: 0
  14: 0
  15: 0
  16: 0
  17: 0
  18: 0
  19: 0
  20: 0
  21: 0
  22: 0
  23: 0
  24: 0
  25: 0
  26: 0
  27: 0
  28: 0
  29: 0
  30: 0
  31: 0
  32: 0
  33: 0
  34: 0
  35: 0
  36: 0
  37: 0
  38: 0
  39: 0
  40: 0
  41: 0
  42: 0
  43: 0
  44: 0
  45: 0
  46: 0
  47: 0
  48: 0
  49: 0
  50: 0
  51: 0
  52: 0
  53: 0
  54: 0
  55: 0
  56: 0
  57: 0
  58: 0
  59: 0
  60: 0
  61: 0
  62: 0
  63: 0
===