# zsim stats
===
root: # Stats
 contention: # Contention simulation stats
  domain-0: # Domain stats
   time: 3262738075505 # Weave simulation time
 time: # Simulator time breakdown
  init: 641493392
  bound: 417806259477
  weave: 3274101306154
  ff: 15999680
 trigger: 20000 # Reason for this stats dump
 phase: 754955 # Simulated phases
 core: # Core stats
  core-0: # Core stats
   cycles: 4088882959 # Simulated unhalted cycles
   cCycles: 273784728 # Cycles due to contention stalls
   instrs: 6042684032 # Simulated instructions
   uops: 7965043127 # Retired micro-ops
   branchUops: 1211201149 # Retired branch micro-ops
   fpAddSubUops: 3143666 # Retired floating point add and sub micro-ops
   fpMulDivUops: 9325 # Retired floating point mul and div micro-ops
   bbls: 1211204200 # Basic blocks
   approxInstrs: 104755155 # Instrs with approx uop decoding
   mispredBranches: 15309012 # Mispredicted branches
   mispredInstrs: 71359775 # Instructions executed in wrong path
   mispredPenalty: 251914582 # Cycles delayed due to branch misprediction
   opExecuted: 0 # cycles with high (more than 3) number of operations executed
   loadStallsTotal: 2452651490 # stalls due to load
   storeStallsTotal: 2015030011 # stalls due to store
   spatialLocality: 0 # Spatial Locality times 10000
   temporalLocality: 0 # Temporal Locality times 10000
  core-1: # Core stats
   cycles: 3450124194 # Simulated unhalted cycles
   cCycles: 157629105 # Cycles due to contention stalls
   instrs: 4900495375 # Simulated instructions
   uops: 7315323391 # Retired micro-ops
   branchUops: 908758787 # Retired branch micro-ops
   fpAddSubUops: 202750 # Retired floating point add and sub micro-ops
   fpMulDivUops: 205778 # Retired floating point mul and div micro-ops
   bbls: 908758956 # Basic blocks
   approxInstrs: 168765021 # Instrs with approx uop decoding
   mispredBranches: 4618828 # Mispredicted branches
   mispredInstrs: 23049005 # Instructions executed in wrong path
   mispredPenalty: 91830209 # Cycles delayed due to branch misprediction
   opExecuted: 0 # cycles with high (more than 3) number of operations executed
   loadStallsTotal: 7335951848 # stalls due to load
   storeStallsTotal: 422216631032103 # stalls due to store
   spatialLocality: 0 # Spatial Locality times 10000
   temporalLocality: 0 # Temporal Locality times 10000
  core-2: # Core stats
   cycles: 2650408134 # Simulated unhalted cycles
   cCycles: 121911350 # Cycles due to contention stalls
   instrs: 3764187070 # Simulated instructions
   uops: 5619484181 # Retired micro-ops
   branchUops: 698212767 # Retired branch micro-ops
   fpAddSubUops: 152136 # Retired floating point add and sub micro-ops
   fpMulDivUops: 154460 # Retired floating point mul and div micro-ops
   bbls: 698212934 # Basic blocks
   approxInstrs: 129721004 # Instrs with approx uop decoding
   mispredBranches: 3482503 # Mispredicted branches
   mispredInstrs: 17380343 # Instructions executed in wrong path
   mispredPenalty: 69262496 # Cycles delayed due to branch misprediction
   opExecuted: 0 # cycles with high (more than 3) number of operations executed
   loadStallsTotal: 5355121778 # stalls due to load
   storeStallsTotal: 140741361129256 # stalls due to store
   spatialLocality: 0 # Spatial Locality times 10000
   temporalLocality: 0 # Temporal Locality times 10000
  core-3: # Core stats
   cycles: 2494046615 # Simulated unhalted cycles
   cCycles: 113796214 # Cycles due to contention stalls
   instrs: 3541855835 # Simulated instructions
   uops: 5286965033 # Retired micro-ops
   branchUops: 656641696 # Retired branch micro-ops
   fpAddSubUops: 151940 # Retired floating point add and sub micro-ops
   fpMulDivUops: 154124 # Retired floating point mul and div micro-ops
   bbls: 656641862 # Basic blocks
   approxInstrs: 121957195 # Instrs with approx uop decoding
   mispredBranches: 3421334 # Mispredicted branches
   mispredInstrs: 17075312 # Instructions executed in wrong path
   mispredPenalty: 68049607 # Cycles delayed due to branch misprediction
   opExecuted: 0 # cycles with high (more than 3) number of operations executed
   loadStallsTotal: 4976657388 # stalls due to load
   storeStallsTotal: 281477786729193 # stalls due to store
   spatialLocality: 0 # Spatial Locality times 10000
   temporalLocality: 0 # Temporal Locality times 10000
 l1d: # Cache stats
  l1d-0: # Filter cache stats
   fhGETS: 1657379229 # Filtered GETS hits
   fhGETX: 1194273023 # Filtered GETX hits
   hGETS: 95643095 # GETS hits
   hGETX: 48433818 # GETX hits
   mGETS: 929558 # GETS misses
   mGETXIM: 1000842 # GETX I->M misses
   mGETXSM: 59 # GETX S->M misses (upgrade misses)
   PUTS: 0 # Clean evictions (from lower level)
   PUTX: 0 # Dirty evictions (from lower level)
   INV: 85 # Invalidates (from upper level)
   INVX: 218 # Downgrades (from upper level)
   FWD: 0 # Forwards (from upper level)
   latGETnl: 1930975 # GET request latency on next level
   latGETnet: 0 # GET request latency on network to next level
   sharedRequests: 159927 # Shared Requests
  l1d-1: # Filter cache stats
   fhGETS: 1714686991 # Filtered GETS hits
   fhGETX: 1453339202 # Filtered GETX hits
   hGETS: 8771171 # GETS hits
   hGETX: 10290363 # GETX hits
   mGETS: 3329220 # GETS misses
   mGETXIM: 1322561 # GETX I->M misses
   mGETXSM: 36 # GETX S->M misses (upgrade misses)
   PUTS: 0 # Clean evictions (from lower level)
   PUTX: 0 # Dirty evictions (from lower level)
   INV: 67 # Invalidates (from upper level)
   INVX: 81936 # Downgrades (from upper level)
   FWD: 0 # Forwards (from upper level)
   latGETnl: 4989421 # GET request latency on next level
   latGETnet: 0 # GET request latency on network to next level
   sharedRequests: 1418951 # Shared Requests
  l1d-2: # Filter cache stats
   fhGETS: 1316901949 # Filtered GETS hits
   fhGETX: 1116194562 # Filtered GETX hits
   hGETS: 6744572 # GETS hits
   hGETX: 8094718 # GETX hits
   mGETS: 2544503 # GETS misses
   mGETXIM: 1004443 # GETX I->M misses
   mGETXSM: 34 # GETX S->M misses (upgrade misses)
   PUTS: 0 # Clean evictions (from lower level)
   PUTX: 0 # Dirty evictions (from lower level)
   INV: 88 # Invalidates (from upper level)
   INVX: 56463 # Downgrades (from upper level)
   FWD: 0 # Forwards (from upper level)
   latGETnl: 3911028 # GET request latency on next level
   latGETnet: 0 # GET request latency on network to next level
   sharedRequests: 1267738 # Shared Requests
  l1d-3: # Filter cache stats
   fhGETS: 1239123216 # Filtered GETS hits
   fhGETX: 1050459787 # Filtered GETX hits
   hGETS: 6846942 # GETS hits
   hGETX: 7376399 # GETX hits
   mGETS: 2395742 # GETS misses
   mGETXIM: 931317 # GETX I->M misses
   mGETXSM: 38 # GETX S->M misses (upgrade misses)
   PUTS: 0 # Clean evictions (from lower level)
   PUTX: 0 # Dirty evictions (from lower level)
   INV: 65 # Invalidates (from upper level)
   INVX: 88123 # Downgrades (from upper level)
   FWD: 0 # Forwards (from upper level)
   latGETnl: 3535037 # GET request latency on next level
   latGETnet: 0 # GET request latency on network to next level
   sharedRequests: 1222871 # Shared Requests
 l1i: # Cache stats
  l1i-0: # Filter cache stats
   fhGETS: 1002960914 # Filtered GETS hits
   fhGETX: 0 # Filtered GETX hits
   hGETS: 287954848 # GETS hits
   hGETX: 0 # GETX hits
   mGETS: 5818049 # GETS misses
   mGETXIM: 0 # GETX I->M misses
   mGETXSM: 0 # GETX S->M misses (upgrade misses)
   PUTS: 0 # Clean evictions (from lower level)
   PUTX: 0 # Dirty evictions (from lower level)
   INV: 0 # Invalidates (from upper level)
   INVX: 0 # Downgrades (from upper level)
   FWD: 0 # Forwards (from upper level)
   latGETnl: 5818049 # GET request latency on next level
   latGETnet: 0 # GET request latency on network to next level
   sharedRequests: 287954848 # Shared Requests
  l1i-1: # Filter cache stats
   fhGETS: 784140048 # Filtered GETS hits
   fhGETX: 0 # Filtered GETX hits
   hGETS: 148514758 # GETS hits
   hGETX: 0 # GETX hits
   mGETS: 24966 # GETS misses
   mGETXIM: 0 # GETX I->M misses
   mGETXSM: 0 # GETX S->M misses (upgrade misses)
   PUTS: 0 # Clean evictions (from lower level)
   PUTX: 0 # Dirty evictions (from lower level)
   INV: 0 # Invalidates (from upper level)
   INVX: 0 # Downgrades (from upper level)
   FWD: 0 # Forwards (from upper level)
   latGETnl: 24966 # GET request latency on next level
   latGETnet: 0 # GET request latency on network to next level
   sharedRequests: 148514758 # Shared Requests
  l1i-2: # Filter cache stats
   fhGETS: 602090458 # Filtered GETS hits
   fhGETX: 0 # Filtered GETX hits
   hGETS: 114140647 # GETS hits
   hGETX: 0 # GETX hits
   mGETS: 16547 # GETS misses
   mGETXIM: 0 # GETX I->M misses
   mGETXSM: 0 # GETX S->M misses (upgrade misses)
   PUTS: 0 # Clean evictions (from lower level)
   PUTX: 0 # Dirty evictions (from lower level)
   INV: 0 # Invalidates (from upper level)
   INVX: 0 # Downgrades (from upper level)
   FWD: 0 # Forwards (from upper level)
   latGETnl: 16547 # GET request latency on next level
   latGETnet: 0 # GET request latency on network to next level
   sharedRequests: 114140647 # Shared Requests
  l1i-3: # Filter cache stats
   fhGETS: 567307339 # Filtered GETS hits
   fhGETX: 0 # Filtered GETX hits
   hGETS: 107021336 # GETS hits
   hGETX: 0 # GETX hits
   mGETS: 15475 # GETS misses
   mGETXIM: 0 # GETX I->M misses
   mGETXSM: 0 # GETX S->M misses (upgrade misses)
   PUTS: 0 # Clean evictions (from lower level)
   PUTX: 0 # Dirty evictions (from lower level)
   INV: 0 # Invalidates (from upper level)
   INVX: 0 # Downgrades (from upper level)
   FWD: 0 # Forwards (from upper level)
   latGETnl: 15475 # GET request latency on next level
   latGETnet: 0 # GET request latency on network to next level
   sharedRequests: 107021336 # Shared Requests
 l3: # Cache stats
  l3-0b0: # Cache stats
   hGETS: 0 # GETS hits
   hGETX: 0 # GETX hits
   mGETS: 0 # GETS misses
   mGETXIM: 0 # GETX I->M misses
   mGETXSM: 0 # GETX S->M misses (upgrade misses)
   PUTS: 0 # Clean evictions (from lower level)
   PUTX: 0 # Dirty evictions (from lower level)
   INV: 0 # Invalidates (from upper level)
   INVX: 0 # Downgrades (from upper level)
   FWD: 0 # Forwards (from upper level)
   latGETnl: 0 # GET request latency on next level
   latGETnet: 0 # GET request latency on network to next level
   sharedRequests: 0 # Shared Requests
  l3-0b1: # Cache stats
   hGETS: 0 # GETS hits
   hGETX: 0 # GETX hits
   mGETS: 0 # GETS misses
   mGETXIM: 0 # GETX I->M misses
   mGETXSM: 0 # GETX S->M misses (upgrade misses)
   PUTS: 0 # Clean evictions (from lower level)
   PUTX: 0 # Dirty evictions (from lower level)
   INV: 0 # Invalidates (from upper level)
   INVX: 0 # Downgrades (from upper level)
   FWD: 0 # Forwards (from upper level)
   latGETnl: 0 # GET request latency on next level
   latGETnet: 0 # GET request latency on network to next level
   sharedRequests: 0 # Shared Requests
  l3-0b2: # Cache stats
   hGETS: 0 # GETS hits
   hGETX: 0 # GETX hits
   mGETS: 0 # GETS misses
   mGETXIM: 0 # GETX I->M misses
   mGETXSM: 0 # GETX S->M misses (upgrade misses)
   PUTS: 0 # Clean evictions (from lower level)
   PUTX: 0 # Dirty evictions (from lower level)
   INV: 0 # Invalidates (from upper level)
   INVX: 0 # Downgrades (from upper level)
   FWD: 0 # Forwards (from upper level)
   latGETnl: 0 # GET request latency on next level
   latGETnet: 0 # GET request latency on network to next level
   sharedRequests: 0 # Shared Requests
  l3-0b3: # Cache stats
   hGETS: 0 # GETS hits
   hGETX: 0 # GETX hits
   mGETS: 0 # GETS misses
   mGETXIM: 0 # GETX I->M misses
   mGETXSM: 0 # GETX S->M misses (upgrade misses)
   PUTS: 0 # Clean evictions (from lower level)
   PUTX: 0 # Dirty evictions (from lower level)
   INV: 0 # Invalidates (from upper level)
   INVX: 0 # Downgrades (from upper level)
   FWD: 0 # Forwards (from upper level)
   latGETnl: 0 # GET request latency on next level
   latGETnet: 0 # GET request latency on network to next level
   sharedRequests: 0 # Shared Requests
 mem: # Memory controller stats
  mem-0: # Memory controller stats
   rd: 19333033 # Read requests
   wr: 4824278 # Write requests
   rdlat: 849789285 # Total latency experienced by read requests
   wrlat: 214492019 # Total latency experienced by write requests
   reissuedAccesses: 0 # Number of accesses that were reissued due to full queue
 sched: # Scheduler stats
  thCr: 7 # Threads created
  thFn: 7 # Threads finished
  schedEvs: 7 # Schedule events
  waitEvs: 0 # Wait events
  handoffEvs: 0 # Handoff events
  sleepEvs: 0 # Sleep events
  idlePhases: 0 # Phases with no thread active
  idlePeriods: 0 # Periods with no thread active
  occHist: # Occupancy histogram
   0: 0
   1: 408880
   2: 8047
   3: 162679
   4: 175349
  rqSzHist: # Run queue size histogram
   0: 754955
   1: 0
   2: 0
   3: 0
   4: 0
   5: 0
   6: 0
   7: 0
   8: 0
   9: 0
   10: 0
   11: 0
   12: 0
   13: 0
   14: 0
   15: 0
   16: 0
 procCycles: # Per-process unhalted core cycles
  0: 12683444090
  1: 0
  2: 0
  3: 0
  4: 0
  5: 0
  6: 0
  7: 0
  8: 0
  9: 0
  10: 0
  11: 0
  12: 0
  13: 0
  14: 0
  15: 0
  16: 0
  17: 0
  18: 0
  19: 0
  20: 0
  21: 0
  22: 0
  23: 0
  24: 0
  25: 0
  26: 0
  27: 0
  28: 0
  29: 0
  30: 0
  31: 0
  32: 0
  33: 0
  34: 0
  35: 0
  36: 0
  37: 0
  38: 0
  39: 0
  40: 0
  41: 0
  42: 0
  43: 0
  44: 0
  45: 0
  46: 0
  47: 0
  48: 0
  49: 0
  50: 0
  51: 0
  52: 0
  53: 0
  54: 0
  55: 0
  56: 0
  57: 0
  58: 0
  59: 0
  60: 0
  61: 0
  62: 0
  63: 0
 procInstrs: # Per-process instructions
  0: 18249222312
  1: 0
  2: 0
  3: 0
  4: 0
  5: 0
  6: 0
  7: 0
  8: 0
  9: 0
  10: 0
  11: 0
  12: 0
  13: 0
  14: 0
  15: 0
  16: 0
  17: 0
  18: 0
  19: 0
  20: 0
  21: 0
  22: 0
  23: 0
  24: 0
  25: 0
  26: 0
  27: 0
  28: 0
  29: 0
  30: 0
  31: 0
  32: 0
  33: 0
  34: 0
  35: 0
  36: 0
  37: 0
  38: 0
  39: 0
  40: 0
  41: 0
  42: 0
  43: 0
  44: 0
  45: 0
  46: 0
  47: 0
  48: 0
  49: 0
  50: 0
  51: 0
  52: 0
  53: 0
  54: 0
  55: 0
  56: 0
  57: 0
  58: 0
  59: 0
  60: 0
  61: 0
  62: 0
  63: 0
 heartbeats: # Per-process heartbeats
  0: 0
  1: 0
  2: 0
  3: 0
  4: 0
  5: 0
  6: 0
  7: 0
  8: 0
  9: 0
  10: 0
  11: 0
  12: 0
  13: 0
  14: 0
  15: 0
  16: 0
  17: 0
  18: 0
  19: 0
  20: 0
  21: 0
  22: 0
  23: 0
  24: 0
  25: 0
  26: 0
  27: 0
  28: 0
  29: 0
  30: 0
  31: 0
  32: 0
  33: 0
  34: 0
  35: 0
  36: 0
  37: 0
  38: 0
  39: 0
  40: 0
  41: 0
  42: 0
  43: 0
  44: 0
  45: 0
  46: 0
  47: 0
  48: 0
  49: 0
  50: 0
  51: 0
  52: 0
  53: 0
  54: 0
  55: 0
  56: 0
  57: 0
  58: 0
  59: 0
  60: 0
  61: 0
  62: 0
  63: 0
===
