# zsim stats
===
root: # Stats
 contention: # Contention simulation stats
  domain-0: # Domain stats
   time: 6659864575664 # Weave simulation time
 time: # Simulator time breakdown
  init: 835692159
  bound: 2268261825736
  weave: 6704380055601
  ff: 59600352
 trigger: 20000 # Reason for this stats dump
 phase: 768371 # Simulated phases
 core: # Core stats
  core-0: # Core stats
   cycles: 4117519057 # Simulated unhalted cycles
   cCycles: 302214671 # Cycles due to contention stalls
   instrs: 6043078743 # Simulated instructions
   uops: 7965424889 # Retired micro-ops
   branchUops: 1211211078 # Retired branch micro-ops
   fpAddSubUops: 3143666 # Retired floating point add and sub micro-ops
   fpMulDivUops: 9325 # Retired floating point mul and div micro-ops
   bbls: 1211214128 # Basic blocks
   approxInstrs: 104763465 # Instrs with approx uop decoding
   mispredBranches: 15300739 # Mispredicted branches
   mispredInstrs: 71299165 # Instructions executed in wrong path
   mispredPenalty: 251730526 # Cycles delayed due to branch misprediction
   opExecuted: 0 # cycles with high (more than 3) number of operations executed
   loadStallsTotal: 2453709820 # stalls due to load
   storeStallsTotal: 2015858232 # stalls due to store
   spatialLocality: 0 # Spatial Locality times 10000
   temporalLocality: 0 # Temporal Locality times 10000
  core-1: # Core stats
   cycles: 2652388800 # Simulated unhalted cycles
   cCycles: 121485888 # Cycles due to contention stalls
   instrs: 3767317352 # Simulated instructions
   uops: 5624225909 # Retired micro-ops
   branchUops: 698780832 # Retired branch micro-ops
   fpAddSubUops: 152136 # Retired floating point add and sub micro-ops
   fpMulDivUops: 154460 # Retired floating point mul and div micro-ops
   bbls: 698781001 # Basic blocks
   approxInstrs: 129817535 # Instrs with approx uop decoding
   mispredBranches: 3491977 # Mispredicted branches
   mispredInstrs: 17426829 # Instructions executed in wrong path
   mispredPenalty: 69435783 # Cycles delayed due to branch misprediction
   opExecuted: 0 # cycles with high (more than 3) number of operations executed
   loadStallsTotal: 45533125380 # stalls due to load
   storeStallsTotal: 422255755530890 # stalls due to store
   spatialLocality: 0 # Spatial Locality times 10000
   temporalLocality: 0 # Temporal Locality times 10000
  core-2: # Core stats
   cycles: 3545732283 # Simulated unhalted cycles
   cCycles: 162137472 # Cycles due to contention stalls
   instrs: 5037337648 # Simulated instructions
   uops: 7520060602 # Retired micro-ops
   branchUops: 934324940 # Retired branch micro-ops
   fpAddSubUops: 202848 # Retired floating point add and sub micro-ops
   fpMulDivUops: 205946 # Retired floating point mul and div micro-ops
   bbls: 934325108 # Basic blocks
   approxInstrs: 173549036 # Instrs with approx uop decoding
   mispredBranches: 4657425 # Mispredicted branches
   mispredInstrs: 23242881 # Instructions executed in wrong path
   mispredPenalty: 92612568 # Cycles delayed due to branch misprediction
   opExecuted: 0 # cycles with high (more than 3) number of operations executed
   loadStallsTotal: 29774605984 # stalls due to load
   storeStallsTotal: 140764494687013 # stalls due to store
   spatialLocality: 0 # Spatial Locality times 10000
   temporalLocality: 0 # Temporal Locality times 10000
  core-3: # Core stats
   cycles: 2662401027 # Simulated unhalted cycles
   cCycles: 121348999 # Cycles due to contention stalls
   instrs: 3782810390 # Simulated instructions
   uops: 5647276112 # Retired micro-ops
   branchUops: 701670800 # Retired branch micro-ops
   fpAddSubUops: 152136 # Retired floating point add and sub micro-ops
   fpMulDivUops: 154460 # Retired floating point mul and div micro-ops
   bbls: 701670965 # Basic blocks
   approxInstrs: 130348519 # Instrs with approx uop decoding
   mispredBranches: 3499420 # Mispredicted branches
   mispredInstrs: 17463006 # Instructions executed in wrong path
   mispredPenalty: 69577293 # Cycles delayed due to branch misprediction
   opExecuted: 0 # cycles with high (more than 3) number of operations executed
   loadStallsTotal: 13147324675 # stalls due to load
   storeStallsTotal: 140748709005684 # stalls due to store
   spatialLocality: 0 # Spatial Locality times 10000
   temporalLocality: 0 # Temporal Locality times 10000
 l1d: # Cache stats
  l1d-0: # Filter cache stats
   fhGETS: 1657193257 # Filtered GETS hits
   fhGETX: 1194221819 # Filtered GETX hits
   hGETS: 95786541 # GETS hits
   hGETX: 48473545 # GETX hits
   mGETS: 970354 # GETS misses
   mGETXIM: 1002285 # GETX I->M misses
   mGETXSM: 58 # GETX S->M misses (upgrade misses)
   PUTS: 0 # Clean evictions (from lower level)
   PUTX: 0 # Dirty evictions (from lower level)
   INV: 85 # Invalidates (from upper level)
   INVX: 220 # Downgrades (from upper level)
   FWD: 0 # Forwards (from upper level)
   latGETnl: 1973201 # GET request latency on next level
   latGETnet: 0 # GET request latency on network to next level
   sharedRequests: 150366 # Shared Requests
  l1d-1: # Filter cache stats
   fhGETS: 1317789909 # Filtered GETS hits
   fhGETX: 1117552800 # Filtered GETX hits
   hGETS: 6835801 # GETS hits
   hGETX: 7674931 # GETX hits
   mGETS: 2567795 # GETS misses
   mGETXIM: 1028763 # GETX I->M misses
   mGETXSM: 38 # GETX S->M misses (upgrade misses)
   PUTS: 0 # Clean evictions (from lower level)
   PUTX: 0 # Dirty evictions (from lower level)
   INV: 66 # Invalidates (from upper level)
   INVX: 63954 # Downgrades (from upper level)
   FWD: 0 # Forwards (from upper level)
   latGETnl: 3927376 # GET request latency on next level
   latGETnet: 0 # GET request latency on network to next level
   sharedRequests: 1047057 # Shared Requests
  l1d-2: # Filter cache stats
   fhGETS: 1762299268 # Filtered GETS hits
   fhGETX: 1494022844 # Filtered GETX hits
   hGETS: 9013779 # GETS hits
   hGETX: 10530290 # GETX hits
   mGETS: 3421118 # GETS misses
   mGETXIM: 1362567 # GETX I->M misses
   mGETXSM: 33 # GETX S->M misses (upgrade misses)
   PUTS: 0 # Clean evictions (from lower level)
   PUTX: 0 # Dirty evictions (from lower level)
   INV: 47 # Invalidates (from upper level)
   INVX: 91723 # Downgrades (from upper level)
   FWD: 0 # Forwards (from upper level)
   latGETnl: 5132906 # GET request latency on next level
   latGETnet: 0 # GET request latency on network to next level
   sharedRequests: 1698466 # Shared Requests
  l1d-3: # Filter cache stats
   fhGETS: 1323268437 # Filtered GETS hits
   fhGETX: 1122587404 # Filtered GETX hits
   hGETS: 6821048 # GETS hits
   hGETX: 7271156 # GETX hits
   mGETS: 2566647 # GETS misses
   mGETXIM: 1006292 # GETX I->M misses
   mGETXSM: 33 # GETX S->M misses (upgrade misses)
   PUTS: 0 # Clean evictions (from lower level)
   PUTX: 0 # Dirty evictions (from lower level)
   INV: 64 # Invalidates (from upper level)
   INVX: 76995 # Downgrades (from upper level)
   FWD: 0 # Forwards (from upper level)
   latGETnl: 3825040 # GET request latency on next level
   latGETnet: 0 # GET request latency on network to next level
   sharedRequests: 1299073 # Shared Requests
 l1i: # Cache stats
  l1i-0: # Filter cache stats
   fhGETS: 1002868844 # Filtered GETS hits
   fhGETX: 0 # Filtered GETX hits
   hGETS: 287378469 # GETS hits
   hGETX: 0 # GETX hits
   mGETS: 6438916 # GETS misses
   mGETXIM: 0 # GETX I->M misses
   mGETXSM: 0 # GETX S->M misses (upgrade misses)
   PUTS: 0 # Clean evictions (from lower level)
   PUTX: 0 # Dirty evictions (from lower level)
   INV: 0 # Invalidates (from upper level)
   INVX: 0 # Downgrades (from upper level)
   FWD: 0 # Forwards (from upper level)
   latGETnl: 6438916 # GET request latency on next level
   latGETnet: 0 # GET request latency on network to next level
   sharedRequests: 287378469 # Shared Requests
  l1i-1: # Filter cache stats
   fhGETS: 602499360 # Filtered GETS hits
   fhGETX: 0 # Filtered GETX hits
   hGETS: 114354995 # GETS hits
   hGETX: 0 # GETX hits
   mGETS: 18914 # GETS misses
   mGETXIM: 0 # GETX I->M misses
   mGETXSM: 0 # GETX S->M misses (upgrade misses)
   PUTS: 0 # Clean evictions (from lower level)
   PUTX: 0 # Dirty evictions (from lower level)
   INV: 0 # Invalidates (from upper level)
   INVX: 0 # Downgrades (from upper level)
   FWD: 0 # Forwards (from upper level)
   latGETnl: 18914 # GET request latency on next level
   latGETnet: 0 # GET request latency on network to next level
   sharedRequests: 114354995 # Shared Requests
  l1i-2: # Filter cache stats
   fhGETS: 805513969 # Filtered GETS hits
   fhGETX: 0 # Filtered GETX hits
   hGETS: 152910965 # GETS hits
   hGETX: 0 # GETX hits
   mGETS: 23090 # GETS misses
   mGETXIM: 0 # GETX I->M misses
   mGETXSM: 0 # GETX S->M misses (upgrade misses)
   PUTS: 0 # Clean evictions (from lower level)
   PUTX: 0 # Dirty evictions (from lower level)
   INV: 0 # Invalidates (from upper level)
   INVX: 0 # Downgrades (from upper level)
   FWD: 0 # Forwards (from upper level)
   latGETnl: 23090 # GET request latency on next level
   latGETnet: 0 # GET request latency on network to next level
   sharedRequests: 152910965 # Shared Requests
  l1i-3: # Filter cache stats
   fhGETS: 604994765 # Filtered GETS hits
   fhGETX: 0 # Filtered GETX hits
   hGETS: 114788274 # GETS hits
   hGETX: 0 # GETX hits
   mGETS: 17967 # GETS misses
   mGETXIM: 0 # GETX I->M misses
   mGETXSM: 0 # GETX S->M misses (upgrade misses)
   PUTS: 0 # Clean evictions (from lower level)
   PUTX: 0 # Dirty evictions (from lower level)
   INV: 0 # Invalidates (from upper level)
   INVX: 0 # Downgrades (from upper level)
   FWD: 0 # Forwards (from upper level)
   latGETnl: 17967 # GET request latency on next level
   latGETnet: 0 # GET request latency on network to next level
   sharedRequests: 114788274 # Shared Requests
 l3: # Cache stats
  l3-0b0: # Cache stats
   hGETS: 0 # GETS hits
   hGETX: 0 # GETX hits
   mGETS: 0 # GETS misses
   mGETXIM: 0 # GETX I->M misses
   mGETXSM: 0 # GETX S->M misses (upgrade misses)
   PUTS: 0 # Clean evictions (from lower level)
   PUTX: 0 # Dirty evictions (from lower level)
   INV: 0 # Invalidates (from upper level)
   INVX: 0 # Downgrades (from upper level)
   FWD: 0 # Forwards (from upper level)
   latGETnl: 0 # GET request latency on next level
   latGETnet: 0 # GET request latency on network to next level
   sharedRequests: 0 # Shared Requests
  l3-0b1: # Cache stats
   hGETS: 0 # GETS hits
   hGETX: 0 # GETX hits
   mGETS: 0 # GETS misses
   mGETXIM: 0 # GETX I->M misses
   mGETXSM: 0 # GETX S->M misses (upgrade misses)
   PUTS: 0 # Clean evictions (from lower level)
   PUTX: 0 # Dirty evictions (from lower level)
   INV: 0 # Invalidates (from upper level)
   INVX: 0 # Downgrades (from upper level)
   FWD: 0 # Forwards (from upper level)
   latGETnl: 0 # GET request latency on next level
   latGETnet: 0 # GET request latency on network to next level
   sharedRequests: 0 # Shared Requests
  l3-0b2: # Cache stats
   hGETS: 0 # GETS hits
   hGETX: 0 # GETX hits
   mGETS: 0 # GETS misses
   mGETXIM: 0 # GETX I->M misses
   mGETXSM: 0 # GETX S->M misses (upgrade misses)
   PUTS: 0 # Clean evictions (from lower level)
   PUTX: 0 # Dirty evictions (from lower level)
   INV: 0 # Invalidates (from upper level)
   INVX: 0 # Downgrades (from upper level)
   FWD: 0 # Forwards (from upper level)
   latGETnl: 0 # GET request latency on next level
   latGETnet: 0 # GET request latency on network to next level
   sharedRequests: 0 # Shared Requests
  l3-0b3: # Cache stats
   hGETS: 0 # GETS hits
   hGETX: 0 # GETX hits
   mGETS: 0 # GETS misses
   mGETXIM: 0 # GETX I->M misses
   mGETXSM: 0 # GETX S->M misses (upgrade misses)
   PUTS: 0 # Clean evictions (from lower level)
   PUTX: 0 # Dirty evictions (from lower level)
   INV: 0 # Invalidates (from upper level)
   INVX: 0 # Downgrades (from upper level)
   FWD: 0 # Forwards (from upper level)
   latGETnl: 0 # GET request latency on next level
   latGETnet: 0 # GET request latency on network to next level
   sharedRequests: 0 # Shared Requests
 mem: # Memory controller stats
  mem-0: # Memory controller stats
   rd: 20424620 # Read requests
   wr: 5004698 # Write requests
   rdlat: 899058720 # Total latency experienced by read requests
   wrlat: 219298441 # Total latency experienced by write requests
   reissuedAccesses: 0 # Number of accesses that were reissued due to full queue
 sched: # Scheduler stats
  thCr: 7 # Threads created
  thFn: 7 # Threads finished
  schedEvs: 7 # Schedule events
  waitEvs: 0 # Wait events
  handoffEvs: 0 # Handoff events
  sleepEvs: 0 # Sleep events
  idlePhases: 0 # Phases with no thread active
  idlePeriods: 0 # Periods with no thread active
  occHist: # Occupancy histogram
   0: 0
   1: 411743
   2: 3532
   3: 176775
   4: 176321
  rqSzHist: # Run queue size histogram
   0: 768371
   1: 0
   2: 0
   3: 0
   4: 0
   5: 0
   6: 0
   7: 0
   8: 0
   9: 0
   10: 0
   11: 0
   12: 0
   13: 0
   14: 0
   15: 0
   16: 0
 procCycles: # Per-process unhalted core cycles
  0: 12978021611
  1: 0
  2: 0
  3: 0
  4: 0
  5: 0
  6: 0
  7: 0
  8: 0
  9: 0
  10: 0
  11: 0
  12: 0
  13: 0
  14: 0
  15: 0
  16: 0
  17: 0
  18: 0
  19: 0
  20: 0
  21: 0
  22: 0
  23: 0
  24: 0
  25: 0
  26: 0
  27: 0
  28: 0
  29: 0
  30: 0
  31: 0
  32: 0
  33: 0
  34: 0
  35: 0
  36: 0
  37: 0
  38: 0
  39: 0
  40: 0
  41: 0
  42: 0
  43: 0
  44: 0
  45: 0
  46: 0
  47: 0
  48: 0
  49: 0
  50: 0
  51: 0
  52: 0
  53: 0
  54: 0
  55: 0
  56: 0
  57: 0
  58: 0
  59: 0
  60: 0
  61: 0
  62: 0
  63: 0
 procInstrs: # Per-process instructions
  0: 18630544133
  1: 0
  2: 0
  3: 0
  4: 0
  5: 0
  6: 0
  7: 0
  8: 0
  9: 0
  10: 0
  11: 0
  12: 0
  13: 0
  14: 0
  15: 0
  16: 0
  17: 0
  18: 0
  19: 0
  20: 0
  21: 0
  22: 0
  23: 0
  24: 0
  25: 0
  26: 0
  27: 0
  28: 0
  29: 0
  30: 0
  31: 0
  32: 0
  33: 0
  34: 0
  35: 0
  36: 0
  37: 0
  38: 0
  39: 0
  40: 0
  41: 0
  42: 0
  43: 0
  44: 0
  45: 0
  46: 0
  47: 0
  48: 0
  49: 0
  50: 0
  51: 0
  52: 0
  53: 0
  54: 0
  55: 0
  56: 0
  57: 0
  58: 0
  59: 0
  60: 0
  61: 0
  62: 0
  63: 0
 heartbeats: # Per-process heartbeats
  0: 0
  1: 0
  2: 0
  3: 0
  4: 0
  5: 0
  6: 0
  7: 0
  8: 0
  9: 0
  10: 0
  11: 0
  12: 0
  13: 0
  14: 0
  15: 0
  16: 0
  17: 0
  18: 0
  19: 0
  20: 0
  21: 0
  22: 0
  23: 0
  24: 0
  25: 0
  26: 0
  27: 0
  28: 0
  29: 0
  30: 0
  31: 0
  32: 0
  33: 0
  34: 0
  35: 0
  36: 0
  37: 0
  38: 0
  39: 0
  40: 0
  41: 0
  42: 0
  43: 0
  44: 0
  45: 0
  46: 0
  47: 0
  48: 0
  49: 0
  50: 0
  51: 0
  52: 0
  53: 0
  54: 0
  55: 0
  56: 0
  57: 0
  58: 0
  59: 0
  60: 0
  61: 0
  62: 0
  63: 0
===
